<?xml version="1.0" encoding="UTF-8"?>
<testsuite xmlns:xsi="http://www.w3.org/2001/XMLSchema-instance" xsi:noNamespaceSchemaLocation="https://maven.apache.org/surefire/maven-surefire-plugin/xsd/surefire-test-report.xsd" name="runners.SmokeRunner" time="0.411" tests="8" errors="0" skipped="0" failures="2">
  <properties>
[...]
</properties>
  <testcase name="Given the user accounts are created" classname="Scenario: Withdraw after opening account" time="0.001"/>
  <testcase name="When the users withdraw" classname="Scenario: Withdraw after opening account" time="0"/>
  <testcase name="Then the users have the following balances" classname="Scenario: Withdraw after opening account" time="0.003">
    <failure message="expected:&lt;150.0&gt; but was:&lt;100.0&gt;" type="java.lang.AssertionError"><![CDATA[java.lang.AssertionError: expected:<150.0> but was:<100.0>
]]></failure>
  </testcase>
  <testcase name="Scenario: Withdraw after opening account" classname="Scenario: Withdraw after opening account" time="0.003">
    <failure message="expected:&lt;150.0&gt; but was:&lt;100.0&gt;" type="java.lang.AssertionError"><![CDATA[java.lang.AssertionError: expected:<150.0> but was:<100.0>
]]></failure>
  </testcase>
  <testcase name="Given the following user account is created" classname="Scenario: Multiple Account Deposit Test" time="0"/>
  <testcase name="When the following deposits are made" classname="Scenario: Multiple Account Deposit Test" time="0"/>
  <testcase name="Then accounts have the following balances" classname="Scenario: Multiple Account Deposit Test" time="0"/>
  <testcase name="Scenario: Multiple Account Deposit Test" classname="Scenario: Multiple Account Deposit Test" time="0.001"/>
</testsuite>