<?xml version="1.0" encoding="UTF-8" ?>
<testsuite tests="63" failures="0" name="runners.RegressionRunnerTest" time="0.012" errors="0" skipped="0">
  <properties>
[...]
</properties>
  <testcase classname="Scenario: Withdraw after opening account" name="Given the user accounts are created" time="0.001"/>
  <testcase classname="Scenario: Withdraw after opening account" name="When the users withdraw" time="0"/>
  <testcase classname="Scenario: Withdraw after opening account" name="Then the users have the following balances" time="0"/>
  <testcase classname="Scenario: Withdraw after opening account" name="Scenario: Withdraw after opening account" time="0.001"/>
  <testcase classname="Scenario: Deposit amount within allowed range." name="And User account with accountNumer 234523453245 and routing number 123456789 is opened" time="0"/>
  <testcase classname="Scenario: Deposit amount within allowed range." name="When User deposits $1000.00" time="0"/>
  <testcase classname="Scenario: Deposit amount within allowed range." name="Then User should have $1000 in account" time="0"/>
  <testcase classname="Scenario: Deposit amount within allowed range." name="Scenario: Deposit amount within allowed range." time="0"/>
  <testcase classname="Scenario: Deposit within allowed range close to upper boundary" name="And User account with accountNumer 234523453245 and routing number 123456789 is opened" time="0"/>
  <testcase classname="Scenario: Deposit within allowed range close to upper boundary" name="When User deposits $9000.12" time="0"/>
  <testcase classname="Scenario: Deposit within allowed range close to upper boundary" name="Then User should have $9000.12 in account" time="0"/>
  <testcase classname="Scenario: Deposit within allowed range close to upper boundary" name="Scenario: Deposit within allowed range close to upper boundary" time="0"/>
  <testcase classname="Scenario: Deposit amount is negative" name="And User account with accountNumer 234523453245 and routing number 123456789 is opened" time="0"/>
  <testcase classname="Scenario: Deposit amount is negative" name="When User deposits $-1000.40" time="0"/>
  <testcase classname="Scenario: Deposit amount is negative" name="Then User should have $0.0 in account" time="0"/>
  <testcase classname="Scenario: Deposit amount is negative" name="Scenario: Deposit amount is negative" time="0.001"/>
  <testcase classname="Scenario: Deposit negative amount -1" name="And User account with accountNumer 234523453245 and routing number 123456789 is opened" time="0"/>
  <testcase classname="Scenario: Deposit negative amount -1" name="When User deposits $-1.33" time="0"/>
  <testcase classname="Scenario: Deposit negative amount -1" name="Then User should have $0.0 in account" time="0"/>
  <testcase classname="Scenario: Deposit negative amount -1" name="Scenario: Deposit negative amount -1" time="0"/>
  <testcase classname="Scenario: Deposit above the max limit" name="And User account with accountNumer 234523453245 and routing number 123456789 is opened" time="0.001"/>
  <testcase classname="Scenario: Deposit above the max limit" name="When User deposits $12000.22" time="0.001"/>
  <testcase classname="Scenario: Deposit above the max limit" name="Then User should have $0.0 in account" time="0"/>
  <testcase classname="Scenario: Deposit above the max limit" name="Scenario: Deposit above the max limit" time="0.001"/>
  <testcase classname="Scenario: Deposit 0" name="And User account with accountNumer 234523453245 and routing number 123456789 is opened" time="0"/>
  <testcase classname="Scenario: Deposit 0" name="When User deposits $0.0" time="0"/>
  <testcase classname="Scenario: Deposit 0" name="Then User should have $0.0 in account" time="0"/>
  <testcase classname="Scenario: Deposit 0" name="Scenario: Deposit 0" time="0.001"/>
  <testcase classname="Scenario: Deposit the max" name="And User account with accountNumer 234523453245 and routing number 123456789 is opened" time="0"/>
  <testcase classname="Scenario: Deposit the max" name="When User deposits $10000.00" time="0"/>
  <testcase classname="Scenario: Deposit the max" name="Then User should have $10000.00 in account" time="0.001"/>
  <testcase classname="Scenario: Deposit the max" name="Scenario: Deposit the max" time="0.001"/>
  <testcase classname="Scenario: Deposit multiple times within the range approach 2" name="And User account with accountNumer 234523453245 and routing number 123456789 is opened" time="0"/>
  <testcase classname="Scenario: Deposit multiple times within the range approach 2" name="When User deposits $6000.00" time="0"/>
  <testcase classname="Scenario: Deposit multiple times within the range approach 2" name="Then User should have $6000.00 in account" time="0"/>
  <testcase classname="Scenario: Deposit multiple times within the range approach 2" name="When User deposits $1000.00" time="0"/>
  <testcase classname="Scenario: Deposit multiple times within the range approach 2" name="Then User should have $7000.00 in account" time="0"/>
  <testcase classname="Scenario: Deposit multiple times within the range approach 2" name="Scenario: Deposit multiple times within the range approach 2" time="0"/>
  <testcase classname="Scenario: Withdraw from 0 balance" name="Given User account with accountNumer 234523453245 and routing number 123456789 is opened" time="0"/>
  <testcase classname="Scenario: Withdraw from 0 balance" name="And User deposits $-1000.00" time="0"/>
  <testcase classname="Scenario: Withdraw from 0 balance" name="When User withdraws $10.00" time="0"/>
  <testcase classname="Scenario: Withdraw from 0 balance" name="Then User should have $0.0 in account" time="0"/>
  <testcase classname="Scenario: Withdraw from 0 balance" name="Scenario: Withdraw from 0 balance" time="0.001"/>
  <testcase classname="Scenario: Multiple Account Deposit Test 2" name="Given the following user account is created" time="0"/>
  <testcase classname="Scenario: Multiple Account Deposit Test 2" name="When the following deposits are made" time="0"/>
  <testcase classname="Scenario: Multiple Account Deposit Test 2" name="Then accounts have the following balances" time="0"/>
  <testcase classname="Scenario: Multiple Account Deposit Test 2" name="Scenario: Multiple Account Deposit Test 2" time="0.001"/>
  <testcase classname="| JohnDoe@gmail.com | 123pass | JohnDoe@gmail.com | 123pass | HomePage |" name="Given user with &quot;JohnDoe@gmail.com&quot; and &quot;123pass&quot; is registered" time="0"/>
  <testcase classname="| JohnDoe@gmail.com | 123pass | JohnDoe@gmail.com | 123pass | HomePage |" name="When user with &quot;JohnDoe@gmail.com&quot; and &quot;123pass&quot; logs in" time="0"/>
  <testcase classname="| JohnDoe@gmail.com | 123pass | JohnDoe@gmail.com | 123pass | HomePage |" name="Then user should see the &quot;HomePage&quot;" time="0"/>
  <testcase classname="| JohnDoe@gmail.com | 123pass | JohnDoe@gmail.com | 123pass | HomePage |" name="| JohnDoe@gmail.com | 123pass | JohnDoe@gmail.com | 123pass | HomePage |" time="0"/>
  <testcase classname="| JohnDoe@gmail.com | 123pass | JohnDoe@gmail.com | 12pass | password error page |" name="Given user with &quot;JohnDoe@gmail.com&quot; and &quot;123pass&quot; is registered" time="0"/>
  <testcase classname="| JohnDoe@gmail.com | 123pass | JohnDoe@gmail.com | 12pass | password error page |" name="When user with &quot;JohnDoe@gmail.com&quot; and &quot;12pass&quot; logs in" time="0"/>
  <testcase classname="| JohnDoe@gmail.com | 123pass | JohnDoe@gmail.com | 12pass | password error page |" name="Then user should see the &quot;password error page&quot;" time="0"/>
  <testcase classname="| JohnDoe@gmail.com | 123pass | JohnDoe@gmail.com | 12pass | password error page |" name="| JohnDoe@gmail.com | 123pass | JohnDoe@gmail.com | 12pass | password error page |" time="0"/>
  <testcase classname="| JohnDoe@gmail.com | 123pass | John@gmail.com | 123pass | no username error page |" name="Given user with &quot;JohnDoe@gmail.com&quot; and &quot;123pass&quot; is registered" time="0"/>
  <testcase classname="| JohnDoe@gmail.com | 123pass | John@gmail.com | 123pass | no username error page |" name="When user with &quot;John@gmail.com&quot; and &quot;123pass&quot; logs in" time="0"/>
  <testcase classname="| JohnDoe@gmail.com | 123pass | John@gmail.com | 123pass | no username error page |" name="Then user should see the &quot;no username error page&quot;" time="0"/>
  <testcase classname="| JohnDoe@gmail.com | 123pass | John@gmail.com | 123pass | no username error page |" name="| JohnDoe@gmail.com | 123pass | John@gmail.com | 123pass | no username error page |" time="0.001"/>
  <testcase classname="| JohnDoe@gmail.com | 123pass | JohnDoe@gmail.com |  | input password |" name="Given user with &quot;JohnDoe@gmail.com&quot; and &quot;123pass&quot; is registered" time="0"/>
  <testcase classname="| JohnDoe@gmail.com | 123pass | JohnDoe@gmail.com |  | input password |" name="When user with &quot;JohnDoe@gmail.com&quot; and &quot;&quot; logs in" time="0"/>
  <testcase classname="| JohnDoe@gmail.com | 123pass | JohnDoe@gmail.com |  | input password |" name="Then user should see the &quot;input password&quot;" time="0"/>
  <testcase classname="| JohnDoe@gmail.com | 123pass | JohnDoe@gmail.com |  | input password |" name="| JohnDoe@gmail.com | 123pass | JohnDoe@gmail.com |  | input password |" time="0"/>
</testsuite>